<?xml version="1.0" encoding="UTF-8"?>
<coverage generated="1526099644649" clover="3.2.0">
  <project timestamp="1526099644649" name="All files">
    <metrics statements="121" coveredstatements="121" conditionals="103" coveredconditionals="103" methods="40" coveredmethods="40" elements="264" coveredelements="264" complexity="0" loc="121" ncloc="121" packages="7" files="18" classes="18">
      <package name="Button">
        <metrics statements="11" coveredstatements="11" conditionals="12" coveredconditionals="12" methods="1" coveredmethods="1"/>
        <file name="Button.js" path="/Users/prauls/code/ellies/lib/Button/Button.js">
          <metrics statements="8" coveredstatements="8" conditionals="12" coveredconditionals="12" methods="1" coveredmethods="1"/>
          <line num="5" count="1" type="stmt"/>
          <line num="6" count="9" type="cond" truecount="2" falsecount="0"/>
          <line num="7" count="9" type="stmt"/>
          <line num="8" count="9" type="cond" truecount="2" falsecount="0"/>
          <line num="9" count="9" type="cond" truecount="2" falsecount="0"/>
          <line num="11" count="9" type="stmt"/>
          <line num="31" count="1" type="stmt"/>
          <line num="40" count="1" type="stmt"/>
        </file>
        <file name="index.js" path="/Users/prauls/code/ellies/lib/Button/index.js">
          <metrics statements="2" coveredstatements="2" conditionals="0" coveredconditionals="0" methods="0" coveredmethods="0"/>
          <line num="5" count="1" type="stmt"/>
          <line num="9" count="1" type="stmt"/>
        </file>
        <file name="styles.js" path="/Users/prauls/code/ellies/lib/Button/styles.js">
          <metrics statements="1" coveredstatements="1" conditionals="0" coveredconditionals="0" methods="0" coveredmethods="0"/>
          <line num="4" count="1" type="stmt"/>
        </file>
      </package>
      <package name="Flag">
        <metrics statements="9" coveredstatements="9" conditionals="3" coveredconditionals="3" methods="1" coveredmethods="1"/>
        <file name="Flag.js" path="/Users/prauls/code/ellies/lib/Flag/Flag.js">
          <metrics statements="7" coveredstatements="7" conditionals="3" coveredconditionals="3" methods="1" coveredmethods="1"/>
          <line num="6" count="3" type="stmt"/>
          <line num="7" count="79" type="cond" truecount="3" falsecount="0"/>
          <line num="9" count="28" type="stmt"/>
          <line num="11" count="28" type="stmt"/>
          <line num="21" count="23" type="stmt"/>
          <line num="35" count="3" type="stmt"/>
          <line num="40" count="3" type="stmt"/>
        </file>
        <file name="index.js" path="/Users/prauls/code/ellies/lib/Flag/index.js">
          <metrics statements="1" coveredstatements="1" conditionals="0" coveredconditionals="0" methods="0" coveredmethods="0"/>
          <line num="5" count="3" type="stmt"/>
        </file>
        <file name="styles.js" path="/Users/prauls/code/ellies/lib/Flag/styles.js">
          <metrics statements="1" coveredstatements="1" conditionals="0" coveredconditionals="0" methods="0" coveredmethods="0"/>
          <line num="3" count="3" type="stmt"/>
        </file>
      </package>
      <package name="Form">
        <metrics statements="17" coveredstatements="17" conditionals="2" coveredconditionals="2" methods="6" coveredmethods="6"/>
        <file name="Form.js" path="/Users/prauls/code/ellies/lib/Form/Form.js">
          <metrics statements="17" coveredstatements="17" conditionals="2" coveredconditionals="2" methods="6" coveredmethods="6"/>
          <line num="4" count="1" type="stmt"/>
          <line num="5" count="3" type="stmt"/>
          <line num="6" count="3" type="stmt"/>
          <line num="7" count="3" type="stmt"/>
          <line num="13" count="3" type="stmt"/>
          <line num="14" count="3" type="stmt"/>
          <line num="15" count="3" type="stmt"/>
          <line num="18" count="3" type="stmt"/>
          <line num="19" count="3" type="cond" truecount="2" falsecount="0"/>
          <line num="20" count="1" type="stmt"/>
          <line num="23" count="2" type="stmt"/>
          <line num="24" count="2" type="stmt"/>
          <line num="25" count="2" type="stmt"/>
          <line num="30" count="2" type="stmt"/>
          <line num="32" count="3" type="stmt"/>
          <line num="44" count="1" type="stmt"/>
          <line num="53" count="1" type="stmt"/>
        </file>
      </package>
      <package name="I">
        <metrics statements="7" coveredstatements="7" conditionals="2" coveredconditionals="2" methods="2" coveredmethods="2"/>
        <file name="I.js" path="/Users/prauls/code/ellies/lib/I/I.js">
          <metrics statements="5" coveredstatements="5" conditionals="0" coveredconditionals="0" methods="1" coveredmethods="1"/>
          <line num="8" count="4" type="stmt"/>
          <line num="10" count="4" type="stmt"/>
          <line num="11" count="31" type="stmt"/>
          <line num="19" count="4" type="stmt"/>
          <line num="25" count="4" type="stmt"/>
        </file>
        <file name="index.js" path="/Users/prauls/code/ellies/lib/I/index.js">
          <metrics statements="1" coveredstatements="1" conditionals="0" coveredconditionals="0" methods="0" coveredmethods="0"/>
          <line num="6" count="4" type="stmt"/>
        </file>
        <file name="styles.js" path="/Users/prauls/code/ellies/lib/I/styles.js">
          <metrics statements="1" coveredstatements="1" conditionals="2" coveredconditionals="2" methods="1" coveredmethods="1"/>
          <line num="4" count="34" type="cond" truecount="2" falsecount="0"/>
        </file>
      </package>
      <package name="Input">
        <metrics statements="41" coveredstatements="41" conditionals="49" coveredconditionals="49" methods="18" coveredmethods="18"/>
        <file name="Input.js" path="/Users/prauls/code/ellies/lib/Input/Input.js">
          <metrics statements="38" coveredstatements="38" conditionals="47" coveredconditionals="47" methods="17" coveredmethods="17"/>
          <line num="11" count="21" type="stmt"/>
          <line num="12" count="21" type="stmt"/>
          <line num="21" count="2" type="cond" truecount="2" falsecount="0"/>
          <line num="22" count="1" type="stmt"/>
          <line num="26" count="34" type="cond" truecount="4" falsecount="0"/>
          <line num="27" count="14" type="stmt"/>
          <line num="29" count="34" type="cond" truecount="5" falsecount="0"/>
          <line num="30" count="1" type="stmt"/>
          <line num="31" count="33" type="cond" truecount="4" falsecount="0"/>
          <line num="32" count="12" type="stmt"/>
          <line num="36" count="30" type="cond" truecount="2" falsecount="0"/>
          <line num="39" count="32" type="cond" truecount="2" falsecount="0"/>
          <line num="41" count="7" type="stmt"/>
          <line num="46" count="32" type="cond" truecount="2" falsecount="0"/>
          <line num="50" count="21" type="stmt"/>
          <line num="52" count="11" type="stmt"/>
          <line num="54" count="32" type="stmt"/>
          <line num="60" count="32" type="stmt"/>
          <line num="65" count="31" type="cond" truecount="2" falsecount="0"/>
          <line num="66" count="1" type="stmt"/>
          <line num="68" count="31" type="stmt"/>
          <line num="69" count="31" type="stmt"/>
          <line num="72" count="1" type="stmt"/>
          <line num="73" count="1" type="stmt"/>
          <line num="75" count="1" type="stmt"/>
          <line num="78" count="3" type="cond" truecount="2" falsecount="0"/>
          <line num="79" count="1" type="stmt"/>
          <line num="81" count="3" type="stmt"/>
          <line num="87" count="2" type="cond" truecount="2" falsecount="0"/>
          <line num="88" count="1" type="stmt"/>
          <line num="90" count="2" type="stmt"/>
          <line num="95" count="2" type="stmt"/>
          <line num="113" count="91" type="stmt"/>
          <line num="115" count="91" type="stmt"/>
          <line num="133" count="4" type="stmt"/>
          <line num="160" count="126" type="stmt"/>
          <line num="173" count="1" type="stmt"/>
          <line num="203" count="1" type="stmt"/>
        </file>
        <file name="index.js" path="/Users/prauls/code/ellies/lib/Input/index.js">
          <metrics statements="1" coveredstatements="1" conditionals="0" coveredconditionals="0" methods="0" coveredmethods="0"/>
          <line num="5" count="1" type="stmt"/>
        </file>
        <file name="styles.js" path="/Users/prauls/code/ellies/lib/Input/styles.js">
          <metrics statements="2" coveredstatements="2" conditionals="2" coveredconditionals="2" methods="1" coveredmethods="1"/>
          <line num="3" count="1" type="stmt"/>
          <line num="56" count="11" type="cond" truecount="2" falsecount="0"/>
        </file>
      </package>
      <package name="Select">
        <metrics statements="31" coveredstatements="31" conditionals="35" coveredconditionals="35" methods="12" coveredmethods="12"/>
        <file name="Select.js" path="/Users/prauls/code/ellies/lib/Select/Select.js">
          <metrics statements="27" coveredstatements="27" conditionals="31" coveredconditionals="31" methods="10" coveredmethods="10"/>
          <line num="8" count="10" type="stmt"/>
          <line num="9" count="10" type="stmt"/>
          <line num="18" count="4" type="cond" truecount="4" falsecount="0"/>
          <line num="19" count="1" type="stmt"/>
          <line num="21" count="4" type="cond" truecount="5" falsecount="0"/>
          <line num="22" count="1" type="stmt"/>
          <line num="23" count="3" type="cond" truecount="4" falsecount="0"/>
          <line num="24" count="1" type="stmt"/>
          <line num="28" count="2" type="cond" truecount="2" falsecount="0"/>
          <line num="29" count="1" type="stmt"/>
          <line num="31" count="2" type="stmt"/>
          <line num="32" count="2" type="stmt"/>
          <line num="39" count="2" type="stmt"/>
          <line num="44" count="1" type="stmt"/>
          <line num="45" count="1" type="stmt"/>
          <line num="47" count="1" type="stmt"/>
          <line num="50" count="2" type="cond" truecount="2" falsecount="0"/>
          <line num="51" count="1" type="stmt"/>
          <line num="53" count="2" type="stmt"/>
          <line num="59" count="2" type="cond" truecount="2" falsecount="0"/>
          <line num="60" count="1" type="stmt"/>
          <line num="62" count="2" type="stmt"/>
          <line num="67" count="2" type="stmt"/>
          <line num="85" count="19" type="stmt"/>
          <line num="86" count="19" type="stmt"/>
          <line num="132" count="1" type="stmt"/>
          <line num="149" count="1" type="stmt"/>
        </file>
        <file name="index.js" path="/Users/prauls/code/ellies/lib/Select/index.js">
          <metrics statements="1" coveredstatements="1" conditionals="0" coveredconditionals="0" methods="0" coveredmethods="0"/>
          <line num="5" count="1" type="stmt"/>
        </file>
        <file name="styles.js" path="/Users/prauls/code/ellies/lib/Select/styles.js">
          <metrics statements="3" coveredstatements="3" conditionals="4" coveredconditionals="4" methods="2" coveredmethods="2"/>
          <line num="3" count="1" type="stmt"/>
          <line num="10" count="3" type="cond" truecount="2" falsecount="0"/>
          <line num="31" count="3" type="cond" truecount="2" falsecount="0"/>
        </file>
      </package>
      <package name="utils">
        <metrics statements="5" coveredstatements="5" conditionals="0" coveredconditionals="0" methods="0" coveredmethods="0"/>
        <file name="constants.js" path="/Users/prauls/code/ellies/lib/utils/constants.js">
          <metrics statements="3" coveredstatements="3" conditionals="0" coveredconditionals="0" methods="0" coveredmethods="0"/>
          <line num="2" count="1" type="stmt"/>
          <line num="4" count="1" type="stmt"/>
          <line num="8" count="1" type="stmt"/>
        </file>
        <file name="styling.js" path="/Users/prauls/code/ellies/lib/utils/styling.js">
          <metrics statements="2" coveredstatements="2" conditionals="0" coveredconditionals="0" methods="0" coveredmethods="0"/>
          <line num="3" count="4" type="stmt"/>
          <line num="11" count="4" type="stmt"/>
        </file>
      </package>
    </metrics>
  </project>
</coverage>
