{"/Users/prauls/code/ellies/lib/Button/Button.js": {"path":"/Users/prauls/code/ellies/lib/Button/Button.js","statementMap":{"0":{"start":{"line":5,"column":15},"end":{"line":29,"column":1}},"1":{"start":{"line":6,"column":20},"end":{"line":6,"column":30}},"2":{"start":{"line":7,"column":19},"end":{"line":7,"column":24}},"3":{"start":{"line":8,"column":20},"end":{"line":8,"column":63}},"4":{"start":{"line":9,"column":20},"end":{"line":9,"column":44}},"5":{"start":{"line":11,"column":2},"end":{"line":28,"column":4}},"6":{"start":{"line":31,"column":0},"end":{"line":38,"column":2}},"7":{"start":{"line":40,"column":0},"end":{"line":47,"column":2}}},"fnMap":{"0":{"name":"(anonymous_0)","decl":{"start":{"line":5,"column":15},"end":{"line":5,"column":16}},"loc":{"start":{"line":5,"column":74},"end":{"line":29,"column":1}},"line":5}},"branchMap":{"0":{"loc":{"start":{"line":6,"column":20},"end":{"line":6,"column":30}},"type":"binary-expr","locations":[{"start":{"line":6,"column":20},"end":{"line":6,"column":24}},{"start":{"line":6,"column":28},"end":{"line":6,"column":30}}],"line":6},"1":{"loc":{"start":{"line":8,"column":20},"end":{"line":8,"column":63}},"type":"cond-expr","locations":[{"start":{"line":8,"column":47},"end":{"line":8,"column":51}},{"start":{"line":8,"column":54},"end":{"line":8,"column":63}}],"line":8},"2":{"loc":{"start":{"line":9,"column":20},"end":{"line":9,"column":44}},"type":"cond-expr","locations":[{"start":{"line":9,"column":27},"end":{"line":9,"column":39}},{"start":{"line":9,"column":42},"end":{"line":9,"column":44}}],"line":9},"3":{"loc":{"start":{"line":13,"column":7},"end":{"line":26,"column":7}},"type":"cond-expr","locations":[{"start":{"line":14,"column":8},"end":{"line":18,"column":15}},{"start":{"line":20,"column":8},"end":{"line":25,"column":14}}],"line":13},"4":{"loc":{"start":{"line":16,"column":23},"end":{"line":16,"column":77}},"type":"cond-expr","locations":[{"start":{"line":16,"column":30},"end":{"line":16,"column":61}},{"start":{"line":16,"column":64},"end":{"line":16,"column":77}}],"line":16},"5":{"loc":{"start":{"line":22,"column":45},"end":{"line":22,"column":65}},"type":"binary-expr","locations":[{"start":{"line":22,"column":45},"end":{"line":22,"column":53}},{"start":{"line":22,"column":57},"end":{"line":22,"column":65}}],"line":22}},"s":{"0":1,"1":9,"2":9,"3":9,"4":9,"5":9,"6":1,"7":1},"f":{"0":9},"b":{"0":[9,9],"1":[1,8],"2":[2,7],"3":[2,7],"4":[1,1],"5":[7,4]},"_coverageSchema":"332fd63041d2c1bcb487cc26dd0d5f7d97098a6c","hash":"86256058f01f86896c89bd6e0dadf83c83fba39f"}
,"/Users/prauls/code/ellies/lib/Button/index.js": {"path":"/Users/prauls/code/ellies/lib/Button/index.js","statementMap":{"0":{"start":{"line":5,"column":21},"end":{"line":7,"column":1}},"1":{"start":{"line":9,"column":0},"end":{"line":9,"column":36}}},"fnMap":{},"branchMap":{},"s":{"0":1,"1":1},"f":{},"b":{},"_coverageSchema":"332fd63041d2c1bcb487cc26dd0d5f7d97098a6c","hash":"f7610a818690bb9c18f8ed76e8dbfc2f139b6800"}
,"/Users/prauls/code/ellies/lib/Button/styles.js": {"path":"/Users/prauls/code/ellies/lib/Button/styles.js","statementMap":{"0":{"start":{"line":4,"column":21},"end":{"line":86,"column":1}}},"fnMap":{},"branchMap":{},"s":{"0":1},"f":{},"b":{},"_coverageSchema":"332fd63041d2c1bcb487cc26dd0d5f7d97098a6c","hash":"40e1883a81bb4dfcf95afb2fa9eaafed6e147225"}
,"/Users/prauls/code/ellies/lib/Flag/Flag.js": {"path":"/Users/prauls/code/ellies/lib/Flag/Flag.js","statementMap":{"0":{"start":{"line":5,"column":13},"end":{"line":32,"column":1}},"1":{"start":{"line":6,"column":2},"end":{"line":31,"column":3}},"2":{"start":{"line":8,"column":6},"end":{"line":8,"column":41}},"3":{"start":{"line":10,"column":6},"end":{"line":18,"column":8}},"4":{"start":{"line":20,"column":6},"end":{"line":30,"column":8}},"5":{"start":{"line":34,"column":0},"end":{"line":37,"column":2}},"6":{"start":{"line":39,"column":0},"end":{"line":41,"column":2}}},"fnMap":{"0":{"name":"(anonymous_0)","decl":{"start":{"line":5,"column":13},"end":{"line":5,"column":14}},"loc":{"start":{"line":5,"column":38},"end":{"line":32,"column":1}},"line":5}},"branchMap":{"0":{"loc":{"start":{"line":6,"column":2},"end":{"line":31,"column":3}},"type":"switch","locations":[{"start":{"line":7,"column":4},"end":{"line":8,"column":41}},{"start":{"line":9,"column":4},"end":{"line":18,"column":8}},{"start":{"line":19,"column":4},"end":{"line":30,"column":8}}],"line":6}},"s":{"0":2,"1":68,"2":19,"3":27,"4":22,"5":2,"6":2},"f":{"0":68},"b":{"0":[19,27,22]},"_coverageSchema":"332fd63041d2c1bcb487cc26dd0d5f7d97098a6c","hash":"bce800dac75202ba024ea7080720b9f9f935bde1"}
,"/Users/prauls/code/ellies/lib/Flag/index.js": {"path":"/Users/prauls/code/ellies/lib/Flag/index.js","statementMap":{"0":{"start":{"line":5,"column":19},"end":{"line":7,"column":1}}},"fnMap":{},"branchMap":{},"s":{"0":2},"f":{},"b":{},"_coverageSchema":"332fd63041d2c1bcb487cc26dd0d5f7d97098a6c","hash":"61ecf663b1417a1c44a5dae040c1342b61d0bfdf"}
,"/Users/prauls/code/ellies/lib/Flag/styles.js": {"path":"/Users/prauls/code/ellies/lib/Flag/styles.js","statementMap":{"0":{"start":{"line":3,"column":15},"end":{"line":37,"column":1}}},"fnMap":{},"branchMap":{},"s":{"0":2},"f":{},"b":{},"_coverageSchema":"332fd63041d2c1bcb487cc26dd0d5f7d97098a6c","hash":"328545a77628be7747dcd5623b02eb9e9543ba98"}
,"/Users/prauls/code/ellies/lib/Form/Form.js": {"path":"/Users/prauls/code/ellies/lib/Form/Form.js","statementMap":{"0":{"start":{"line":4,"column":13},"end":{"line":42,"column":1}},"1":{"start":{"line":5,"column":23},"end":{"line":31,"column":3}},"2":{"start":{"line":6,"column":4},"end":{"line":6,"column":23}},"3":{"start":{"line":7,"column":19},"end":{"line":7,"column":73}},"4":{"start":{"line":7,"column":60},"end":{"line":7,"column":72}},"5":{"start":{"line":13,"column":4},"end":{"line":16,"column":7}},"6":{"start":{"line":14,"column":6},"end":{"line":14,"column":20}},"7":{"start":{"line":15,"column":6},"end":{"line":15,"column":19}},"8":{"start":{"line":18,"column":6},"end":{"line":18,"column":74}},"9":{"start":{"line":18,"column":29},"end":{"line":18,"column":50}},"10":{"start":{"line":19,"column":4},"end":{"line":21,"column":5}},"11":{"start":{"line":20,"column":6},"end":{"line":20,"column":13}},"12":{"start":{"line":23,"column":4},"end":{"line":29,"column":7}},"13":{"start":{"line":24,"column":30},"end":{"line":24,"column":35}},"14":{"start":{"line":25,"column":6},"end":{"line":28,"column":8}},"15":{"start":{"line":30,"column":4},"end":{"line":30,"column":22}},"16":{"start":{"line":32,"column":2},"end":{"line":41,"column":4}},"17":{"start":{"line":44,"column":0},"end":{"line":51,"column":2}},"18":{"start":{"line":53,"column":0},"end":{"line":55,"column":2}}},"fnMap":{"0":{"name":"(anonymous_0)","decl":{"start":{"line":4,"column":13},"end":{"line":4,"column":14}},"loc":{"start":{"line":4,"column":61},"end":{"line":42,"column":1}},"line":4},"1":{"name":"(anonymous_1)","decl":{"start":{"line":5,"column":23},"end":{"line":5,"column":24}},"loc":{"start":{"line":5,"column":28},"end":{"line":31,"column":3}},"line":5},"2":{"name":"(anonymous_2)","decl":{"start":{"line":7,"column":49},"end":{"line":7,"column":50}},"loc":{"start":{"line":7,"column":60},"end":{"line":7,"column":72}},"line":7},"3":{"name":"(anonymous_3)","decl":{"start":{"line":13,"column":19},"end":{"line":13,"column":20}},"loc":{"start":{"line":13,"column":28},"end":{"line":16,"column":5}},"line":13},"4":{"name":"(anonymous_4)","decl":{"start":{"line":18,"column":20},"end":{"line":18,"column":21}},"loc":{"start":{"line":18,"column":29},"end":{"line":18,"column":50}},"line":18},"5":{"name":"(anonymous_5)","decl":{"start":{"line":23,"column":19},"end":{"line":23,"column":20}},"loc":{"start":{"line":23,"column":28},"end":{"line":29,"column":5}},"line":23}},"branchMap":{"0":{"loc":{"start":{"line":19,"column":4},"end":{"line":21,"column":5}},"type":"if","locations":[{"start":{"line":19,"column":4},"end":{"line":21,"column":5}},{"start":{"line":19,"column":4},"end":{"line":21,"column":5}}],"line":19}},"s":{"0":1,"1":3,"2":3,"3":3,"4":3,"5":3,"6":3,"7":3,"8":3,"9":3,"10":3,"11":1,"12":2,"13":2,"14":2,"15":2,"16":3,"17":1,"18":1},"f":{"0":3,"1":3,"2":3,"3":3,"4":3,"5":2},"b":{"0":[1,2]},"_coverageSchema":"332fd63041d2c1bcb487cc26dd0d5f7d97098a6c","hash":"9746b0388615e4d5bae12a7013da1fa72c3532f5"}
,"/Users/prauls/code/ellies/lib/I/I.js": {"path":"/Users/prauls/code/ellies/lib/I/I.js","statementMap":{"0":{"start":{"line":8,"column":0},"end":{"line":8,"column":40}},"1":{"start":{"line":10,"column":10},"end":{"line":17,"column":1}},"2":{"start":{"line":11,"column":2},"end":{"line":16,"column":4}},"3":{"start":{"line":19,"column":0},"end":{"line":23,"column":2}},"4":{"start":{"line":25,"column":0},"end":{"line":28,"column":2}}},"fnMap":{"0":{"name":"(anonymous_0)","decl":{"start":{"line":10,"column":10},"end":{"line":10,"column":11}},"loc":{"start":{"line":10,"column":38},"end":{"line":17,"column":1}},"line":10}},"branchMap":{},"s":{"0":1,"1":1,"2":1,"3":1,"4":1},"f":{"0":1},"b":{},"_coverageSchema":"332fd63041d2c1bcb487cc26dd0d5f7d97098a6c","hash":"c0559ea9647fa4ba9790e8d3eb74987a7638aa35"}
,"/Users/prauls/code/ellies/lib/I/index.js": {"path":"/Users/prauls/code/ellies/lib/I/index.js","statementMap":{"0":{"start":{"line":6,"column":16},"end":{"line":6,"column":36}}},"fnMap":{},"branchMap":{},"s":{"0":1},"f":{},"b":{},"_coverageSchema":"332fd63041d2c1bcb487cc26dd0d5f7d97098a6c","hash":"7b8cb148a7c542fcebd8d926aeb6335f87266da2"}
,"/Users/prauls/code/ellies/lib/I/styles.js": {"path":"/Users/prauls/code/ellies/lib/I/styles.js","statementMap":{"0":{"start":{"line":4,"column":20},"end":{"line":4,"column":52}}},"fnMap":{"0":{"name":"(anonymous_0)","decl":{"start":{"line":4,"column":11},"end":{"line":4,"column":12}},"loc":{"start":{"line":4,"column":20},"end":{"line":4,"column":52}},"line":4}},"branchMap":{"0":{"loc":{"start":{"line":4,"column":20},"end":{"line":4,"column":52}},"type":"cond-expr","locations":[{"start":{"line":4,"column":35},"end":{"line":4,"column":41}},{"start":{"line":4,"column":44},"end":{"line":4,"column":52}}],"line":4}},"s":{"0":3},"f":{"0":3},"b":{"0":[1,2]},"_coverageSchema":"332fd63041d2c1bcb487cc26dd0d5f7d97098a6c","hash":"44272ee4325e2f082fc20a93bf8fff5f923144ae"}
,"/Users/prauls/code/ellies/lib/Input/Input.js": {"path":"/Users/prauls/code/ellies/lib/Input/Input.js","statementMap":{"0":{"start":{"line":10,"column":4},"end":{"line":10,"column":17}},"1":{"start":{"line":11,"column":4},"end":{"line":17,"column":6}},"2":{"start":{"line":20,"column":4},"end":{"line":22,"column":5}},"3":{"start":{"line":21,"column":6},"end":{"line":21,"column":56}},"4":{"start":{"line":25,"column":4},"end":{"line":27,"column":5}},"5":{"start":{"line":26,"column":6},"end":{"line":26,"column":41}},"6":{"start":{"line":28,"column":4},"end":{"line":32,"column":5}},"7":{"start":{"line":29,"column":6},"end":{"line":29,"column":44}},"8":{"start":{"line":30,"column":11},"end":{"line":32,"column":5}},"9":{"start":{"line":31,"column":6},"end":{"line":31,"column":43}},"10":{"start":{"line":35,"column":4},"end":{"line":35,"column":72}},"11":{"start":{"line":38,"column":4},"end":{"line":42,"column":13}},"12":{"start":{"line":40,"column":23},"end":{"line":40,"column":60}},"13":{"start":{"line":45,"column":4},"end":{"line":52,"column":5}},"14":{"start":{"line":49,"column":6},"end":{"line":49,"column":34}},"15":{"start":{"line":51,"column":6},"end":{"line":51,"column":49}},"16":{"start":{"line":53,"column":4},"end":{"line":61,"column":6}},"17":{"start":{"line":59,"column":8},"end":{"line":59,"column":27}},"18":{"start":{"line":64,"column":4},"end":{"line":66,"column":5}},"19":{"start":{"line":65,"column":6},"end":{"line":65,"column":29}},"20":{"start":{"line":67,"column":4},"end":{"line":67,"column":53}},"21":{"start":{"line":68,"column":4},"end":{"line":68,"column":35}},"22":{"start":{"line":71,"column":18},"end":{"line":73,"column":6}},"23":{"start":{"line":72,"column":6},"end":{"line":72,"column":41}},"24":{"start":{"line":74,"column":4},"end":{"line":74,"column":18}},"25":{"start":{"line":77,"column":4},"end":{"line":79,"column":5}},"26":{"start":{"line":78,"column":6},"end":{"line":78,"column":28}},"27":{"start":{"line":80,"column":4},"end":{"line":83,"column":7}},"28":{"start":{"line":86,"column":4},"end":{"line":88,"column":5}},"29":{"start":{"line":87,"column":6},"end":{"line":87,"column":27}},"30":{"start":{"line":89,"column":4},"end":{"line":96,"column":6}},"31":{"start":{"line":94,"column":8},"end":{"line":94,"column":27}},"32":{"start":{"line":111,"column":8},"end":{"line":111,"column":18}},"33":{"start":{"line":113,"column":4},"end":{"line":167,"column":6}},"34":{"start":{"line":130,"column":14},"end":{"line":141,"column":19}},"35":{"start":{"line":158,"column":12},"end":{"line":158,"column":31}},"36":{"start":{"line":171,"column":0},"end":{"line":198,"column":2}},"37":{"start":{"line":200,"column":0},"end":{"line":214,"column":2}}},"fnMap":{"0":{"name":"(anonymous_0)","decl":{"start":{"line":9,"column":2},"end":{"line":9,"column":3}},"loc":{"start":{"line":9,"column":21},"end":{"line":18,"column":3}},"line":9},"1":{"name":"(anonymous_1)","decl":{"start":{"line":19,"column":2},"end":{"line":19,"column":3}},"loc":{"start":{"line":19,"column":39},"end":{"line":23,"column":3}},"line":19},"2":{"name":"(anonymous_2)","decl":{"start":{"line":24,"column":2},"end":{"line":24,"column":3}},"loc":{"start":{"line":24,"column":16},"end":{"line":33,"column":3}},"line":24},"3":{"name":"(anonymous_3)","decl":{"start":{"line":34,"column":2},"end":{"line":34,"column":3}},"loc":{"start":{"line":34,"column":25},"end":{"line":36,"column":3}},"line":34},"4":{"name":"(anonymous_4)","decl":{"start":{"line":37,"column":2},"end":{"line":37,"column":3}},"loc":{"start":{"line":37,"column":71},"end":{"line":43,"column":3}},"line":37},"5":{"name":"(anonymous_5)","decl":{"start":{"line":40,"column":8},"end":{"line":40,"column":9}},"loc":{"start":{"line":40,"column":23},"end":{"line":40,"column":60}},"line":40},"6":{"name":"(anonymous_6)","decl":{"start":{"line":44,"column":2},"end":{"line":44,"column":3}},"loc":{"start":{"line":44,"column":32},"end":{"line":62,"column":3}},"line":44},"7":{"name":"(anonymous_7)","decl":{"start":{"line":58,"column":6},"end":{"line":58,"column":7}},"loc":{"start":{"line":58,"column":12},"end":{"line":60,"column":7}},"line":58},"8":{"name":"(anonymous_8)","decl":{"start":{"line":63,"column":17},"end":{"line":63,"column":18}},"loc":{"start":{"line":63,"column":22},"end":{"line":69,"column":3}},"line":63},"9":{"name":"(anonymous_9)","decl":{"start":{"line":70,"column":16},"end":{"line":70,"column":17}},"loc":{"start":{"line":70,"column":39},"end":{"line":75,"column":3}},"line":70},"10":{"name":"(anonymous_10)","decl":{"start":{"line":71,"column":51},"end":{"line":71,"column":52}},"loc":{"start":{"line":71,"column":62},"end":{"line":73,"column":5}},"line":71},"11":{"name":"(anonymous_11)","decl":{"start":{"line":76,"column":16},"end":{"line":76,"column":17}},"loc":{"start":{"line":76,"column":21},"end":{"line":84,"column":3}},"line":76},"12":{"name":"(anonymous_12)","decl":{"start":{"line":85,"column":15},"end":{"line":85,"column":16}},"loc":{"start":{"line":85,"column":20},"end":{"line":97,"column":3}},"line":85},"13":{"name":"(anonymous_13)","decl":{"start":{"line":93,"column":6},"end":{"line":93,"column":7}},"loc":{"start":{"line":93,"column":12},"end":{"line":95,"column":7}},"line":93},"14":{"name":"(anonymous_14)","decl":{"start":{"line":98,"column":2},"end":{"line":98,"column":3}},"loc":{"start":{"line":98,"column":11},"end":{"line":168,"column":3}},"line":98},"15":{"name":"(anonymous_15)","decl":{"start":{"line":129,"column":30},"end":{"line":129,"column":31}},"loc":{"start":{"line":130,"column":14},"end":{"line":141,"column":19}},"line":130},"16":{"name":"(anonymous_16)","decl":{"start":{"line":157,"column":15},"end":{"line":157,"column":16}},"loc":{"start":{"line":157,"column":24},"end":{"line":159,"column":11}},"line":157}},"branchMap":{"0":{"loc":{"start":{"line":20,"column":4},"end":{"line":22,"column":5}},"type":"if","locations":[{"start":{"line":20,"column":4},"end":{"line":22,"column":5}},{"start":{"line":20,"column":4},"end":{"line":22,"column":5}}],"line":20},"1":{"loc":{"start":{"line":25,"column":4},"end":{"line":27,"column":5}},"type":"if","locations":[{"start":{"line":25,"column":4},"end":{"line":27,"column":5}},{"start":{"line":25,"column":4},"end":{"line":27,"column":5}}],"line":25},"2":{"loc":{"start":{"line":25,"column":8},"end":{"line":25,"column":44}},"type":"binary-expr","locations":[{"start":{"line":25,"column":8},"end":{"line":25,"column":24}},{"start":{"line":25,"column":28},"end":{"line":25,"column":44}}],"line":25},"3":{"loc":{"start":{"line":28,"column":4},"end":{"line":32,"column":5}},"type":"if","locations":[{"start":{"line":28,"column":4},"end":{"line":32,"column":5}},{"start":{"line":28,"column":4},"end":{"line":32,"column":5}}],"line":28},"4":{"loc":{"start":{"line":28,"column":8},"end":{"line":28,"column":68}},"type":"binary-expr","locations":[{"start":{"line":28,"column":8},"end":{"line":28,"column":27}},{"start":{"line":28,"column":31},"end":{"line":28,"column":47}},{"start":{"line":28,"column":51},"end":{"line":28,"column":68}}],"line":28},"5":{"loc":{"start":{"line":30,"column":11},"end":{"line":32,"column":5}},"type":"if","locations":[{"start":{"line":30,"column":11},"end":{"line":32,"column":5}},{"start":{"line":30,"column":11},"end":{"line":32,"column":5}}],"line":30},"6":{"loc":{"start":{"line":30,"column":15},"end":{"line":30,"column":52}},"type":"binary-expr","locations":[{"start":{"line":30,"column":15},"end":{"line":30,"column":31}},{"start":{"line":30,"column":35},"end":{"line":30,"column":52}}],"line":30},"7":{"loc":{"start":{"line":35,"column":11},"end":{"line":35,"column":71}},"type":"cond-expr","locations":[{"start":{"line":35,"column":41},"end":{"line":35,"column":64}},{"start":{"line":35,"column":67},"end":{"line":35,"column":71}}],"line":35},"8":{"loc":{"start":{"line":37,"column":31},"end":{"line":37,"column":69}},"type":"default-arg","locations":[{"start":{"line":37,"column":46},"end":{"line":37,"column":69}}],"line":37},"9":{"loc":{"start":{"line":38,"column":11},"end":{"line":42,"column":12}},"type":"cond-expr","locations":[{"start":{"line":39,"column":8},"end":{"line":41,"column":20}},{"start":{"line":42,"column":8},"end":{"line":42,"column":12}}],"line":38},"10":{"loc":{"start":{"line":45,"column":4},"end":{"line":52,"column":5}},"type":"if","locations":[{"start":{"line":45,"column":4},"end":{"line":52,"column":5}},{"start":{"line":45,"column":4},"end":{"line":52,"column":5}}],"line":45},"11":{"loc":{"start":{"line":46,"column":6},"end":{"line":47,"column":39}},"type":"binary-expr","locations":[{"start":{"line":46,"column":6},"end":{"line":46,"column":59}},{"start":{"line":47,"column":6},"end":{"line":47,"column":39}}],"line":46},"12":{"loc":{"start":{"line":64,"column":4},"end":{"line":66,"column":5}},"type":"if","locations":[{"start":{"line":64,"column":4},"end":{"line":66,"column":5}},{"start":{"line":64,"column":4},"end":{"line":66,"column":5}}],"line":64},"13":{"loc":{"start":{"line":77,"column":4},"end":{"line":79,"column":5}},"type":"if","locations":[{"start":{"line":77,"column":4},"end":{"line":79,"column":5}},{"start":{"line":77,"column":4},"end":{"line":79,"column":5}}],"line":77},"14":{"loc":{"start":{"line":86,"column":4},"end":{"line":88,"column":5}},"type":"if","locations":[{"start":{"line":86,"column":4},"end":{"line":88,"column":5}},{"start":{"line":86,"column":4},"end":{"line":88,"column":5}}],"line":86},"15":{"loc":{"start":{"line":120,"column":12},"end":{"line":120,"column":38}},"type":"cond-expr","locations":[{"start":{"line":120,"column":23},"end":{"line":120,"column":33}},{"start":{"line":120,"column":36},"end":{"line":120,"column":38}}],"line":120},"16":{"loc":{"start":{"line":126,"column":9},"end":{"line":144,"column":9}},"type":"binary-expr","locations":[{"start":{"line":126,"column":9},"end":{"line":126,"column":21}},{"start":{"line":127,"column":10},"end":{"line":127,"column":26}},{"start":{"line":128,"column":10},"end":{"line":143,"column":15}}],"line":126},"17":{"loc":{"start":{"line":134,"column":20},"end":{"line":136,"column":32}},"type":"cond-expr","locations":[{"start":{"line":135,"column":24},"end":{"line":135,"column":43}},{"start":{"line":136,"column":24},"end":{"line":136,"column":32}}],"line":134},"18":{"loc":{"start":{"line":146,"column":35},"end":{"line":146,"column":71}},"type":"cond-expr","locations":[{"start":{"line":146,"column":54},"end":{"line":146,"column":66}},{"start":{"line":146,"column":69},"end":{"line":146,"column":71}}],"line":146},"19":{"loc":{"start":{"line":152,"column":21},"end":{"line":152,"column":59}},"type":"cond-expr","locations":[{"start":{"line":152,"column":40},"end":{"line":152,"column":47}},{"start":{"line":152,"column":50},"end":{"line":152,"column":59}}],"line":152},"20":{"loc":{"start":{"line":161,"column":22},"end":{"line":161,"column":59}},"type":"cond-expr","locations":[{"start":{"line":161,"column":41},"end":{"line":161,"column":46}},{"start":{"line":161,"column":49},"end":{"line":161,"column":59}}],"line":161},"21":{"loc":{"start":{"line":162,"column":16},"end":{"line":162,"column":48}},"type":"cond-expr","locations":[{"start":{"line":162,"column":35},"end":{"line":162,"column":41}},{"start":{"line":162,"column":44},"end":{"line":162,"column":48}}],"line":162},"22":{"loc":{"start":{"line":165,"column":20},"end":{"line":165,"column":49}},"type":"binary-expr","locations":[{"start":{"line":165,"column":20},"end":{"line":165,"column":37}},{"start":{"line":165,"column":41},"end":{"line":165,"column":49}}],"line":165}},"s":{"0":20,"1":20,"2":2,"3":1,"4":34,"5":14,"6":34,"7":1,"8":33,"9":12,"10":30,"11":32,"12":7,"13":32,"14":21,"15":11,"16":32,"17":32,"18":31,"19":1,"20":31,"21":31,"22":1,"23":1,"24":1,"25":3,"26":1,"27":3,"28":2,"29":1,"30":2,"31":2,"32":90,"33":90,"34":4,"35":125,"36":1,"37":1},"f":{"0":20,"1":2,"2":34,"3":30,"4":32,"5":7,"6":32,"7":32,"8":31,"9":1,"10":1,"11":3,"12":2,"13":2,"14":90,"15":4,"16":125},"b":{"0":[1,1],"1":[14,20],"2":[34,15],"3":[1,33],"4":[34,1,1],"5":[12,21],"6":[33,26],"7":[22,8],"8":[26],"9":[6,26],"10":[21,11],"11":[32,30],"12":[1,30],"13":[1,2],"14":[1,1],"15":[1,89],"16":[90,24,4],"17":[2,2],"18":[5,85],"19":[46,44],"20":[46,44],"21":[46,44],"22":[90,43]},"_coverageSchema":"332fd63041d2c1bcb487cc26dd0d5f7d97098a6c","hash":"b7e84a1dfd9c7f5ac9f7b0ade66697ef293ba0b0"}
,"/Users/prauls/code/ellies/lib/Input/index.js": {"path":"/Users/prauls/code/ellies/lib/Input/index.js","statementMap":{"0":{"start":{"line":5,"column":20},"end":{"line":7,"column":1}}},"fnMap":{},"branchMap":{},"s":{"0":1},"f":{},"b":{},"_coverageSchema":"332fd63041d2c1bcb487cc26dd0d5f7d97098a6c","hash":"8dd0de4cee7d523392507134654ed219560bb83e"}
,"/Users/prauls/code/ellies/lib/Input/styles.js": {"path":"/Users/prauls/code/ellies/lib/Input/styles.js","statementMap":{"0":{"start":{"line":3,"column":15},"end":{"line":74,"column":1}}},"fnMap":{},"branchMap":{},"s":{"0":1},"f":{},"b":{},"_coverageSchema":"332fd63041d2c1bcb487cc26dd0d5f7d97098a6c","hash":"2df3b275880914094f97b5ad8a79c99b1ea0645f"}
,"/Users/prauls/code/ellies/lib/utils/constants.js": {"path":"/Users/prauls/code/ellies/lib/utils/constants.js","statementMap":{"0":{"start":{"line":2,"column":2},"end":{"line":2,"column":52}},"1":{"start":{"line":4,"column":21},"end":{"line":6,"column":1}},"2":{"start":{"line":8,"column":22},"end":{"line":88,"column":1}}},"fnMap":{},"branchMap":{},"s":{"0":1,"1":1,"2":1},"f":{},"b":{},"_coverageSchema":"332fd63041d2c1bcb487cc26dd0d5f7d97098a6c","hash":"81bfd0b739275e7c1c3b05b704d87ee4716a61fa"}
,"/Users/prauls/code/ellies/lib/utils/styling.js": {"path":"/Users/prauls/code/ellies/lib/utils/styling.js","statementMap":{"0":{"start":{"line":3,"column":21},"end":{"line":9,"column":1}},"1":{"start":{"line":11,"column":24},"end":{"line":18,"column":1}}},"fnMap":{},"branchMap":{},"s":{"0":3,"1":3},"f":{},"b":{},"_coverageSchema":"332fd63041d2c1bcb487cc26dd0d5f7d97098a6c","hash":"37a5d35872baf4df23d26dce1f6794d0c4d69b88"}
}
