{"/Users/prauls/code/ellies/lib/Button/Button.js": {"path":"/Users/prauls/code/ellies/lib/Button/Button.js","statementMap":{"0":{"start":{"line":5,"column":15},"end":{"line":29,"column":1}},"1":{"start":{"line":6,"column":20},"end":{"line":6,"column":30}},"2":{"start":{"line":7,"column":19},"end":{"line":7,"column":24}},"3":{"start":{"line":8,"column":20},"end":{"line":8,"column":63}},"4":{"start":{"line":9,"column":20},"end":{"line":9,"column":44}},"5":{"start":{"line":11,"column":2},"end":{"line":28,"column":4}},"6":{"start":{"line":31,"column":0},"end":{"line":38,"column":2}},"7":{"start":{"line":40,"column":0},"end":{"line":47,"column":2}}},"fnMap":{"0":{"name":"(anonymous_0)","decl":{"start":{"line":5,"column":15},"end":{"line":5,"column":16}},"loc":{"start":{"line":5,"column":74},"end":{"line":29,"column":1}},"line":5}},"branchMap":{"0":{"loc":{"start":{"line":6,"column":20},"end":{"line":6,"column":30}},"type":"binary-expr","locations":[{"start":{"line":6,"column":20},"end":{"line":6,"column":24}},{"start":{"line":6,"column":28},"end":{"line":6,"column":30}}],"line":6},"1":{"loc":{"start":{"line":8,"column":20},"end":{"line":8,"column":63}},"type":"cond-expr","locations":[{"start":{"line":8,"column":47},"end":{"line":8,"column":51}},{"start":{"line":8,"column":54},"end":{"line":8,"column":63}}],"line":8},"2":{"loc":{"start":{"line":9,"column":20},"end":{"line":9,"column":44}},"type":"cond-expr","locations":[{"start":{"line":9,"column":27},"end":{"line":9,"column":39}},{"start":{"line":9,"column":42},"end":{"line":9,"column":44}}],"line":9},"3":{"loc":{"start":{"line":13,"column":7},"end":{"line":26,"column":7}},"type":"cond-expr","locations":[{"start":{"line":14,"column":8},"end":{"line":18,"column":15}},{"start":{"line":20,"column":8},"end":{"line":25,"column":14}}],"line":13},"4":{"loc":{"start":{"line":16,"column":23},"end":{"line":16,"column":77}},"type":"cond-expr","locations":[{"start":{"line":16,"column":30},"end":{"line":16,"column":61}},{"start":{"line":16,"column":64},"end":{"line":16,"column":77}}],"line":16},"5":{"loc":{"start":{"line":22,"column":45},"end":{"line":22,"column":65}},"type":"binary-expr","locations":[{"start":{"line":22,"column":45},"end":{"line":22,"column":53}},{"start":{"line":22,"column":57},"end":{"line":22,"column":65}}],"line":22}},"s":{"0":1,"1":9,"2":9,"3":9,"4":9,"5":9,"6":1,"7":1},"f":{"0":9},"b":{"0":[9,9],"1":[1,8],"2":[2,7],"3":[2,7],"4":[1,1],"5":[7,4]},"_coverageSchema":"332fd63041d2c1bcb487cc26dd0d5f7d97098a6c","hash":"86256058f01f86896c89bd6e0dadf83c83fba39f"}
,"/Users/prauls/code/ellies/lib/Button/index.js": {"path":"/Users/prauls/code/ellies/lib/Button/index.js","statementMap":{"0":{"start":{"line":5,"column":21},"end":{"line":7,"column":1}},"1":{"start":{"line":9,"column":0},"end":{"line":9,"column":36}}},"fnMap":{},"branchMap":{},"s":{"0":1,"1":1},"f":{},"b":{},"_coverageSchema":"332fd63041d2c1bcb487cc26dd0d5f7d97098a6c","hash":"f7610a818690bb9c18f8ed76e8dbfc2f139b6800"}
,"/Users/prauls/code/ellies/lib/Button/styles.js": {"path":"/Users/prauls/code/ellies/lib/Button/styles.js","statementMap":{"0":{"start":{"line":4,"column":21},"end":{"line":86,"column":1}}},"fnMap":{},"branchMap":{},"s":{"0":1},"f":{},"b":{},"_coverageSchema":"332fd63041d2c1bcb487cc26dd0d5f7d97098a6c","hash":"40e1883a81bb4dfcf95afb2fa9eaafed6e147225"}
,"/Users/prauls/code/ellies/lib/Form/Form.js": {"path":"/Users/prauls/code/ellies/lib/Form/Form.js","statementMap":{"0":{"start":{"line":4,"column":13},"end":{"line":42,"column":1}},"1":{"start":{"line":5,"column":23},"end":{"line":31,"column":3}},"2":{"start":{"line":6,"column":4},"end":{"line":6,"column":23}},"3":{"start":{"line":7,"column":19},"end":{"line":7,"column":73}},"4":{"start":{"line":7,"column":60},"end":{"line":7,"column":72}},"5":{"start":{"line":13,"column":4},"end":{"line":16,"column":7}},"6":{"start":{"line":14,"column":6},"end":{"line":14,"column":20}},"7":{"start":{"line":15,"column":6},"end":{"line":15,"column":19}},"8":{"start":{"line":18,"column":6},"end":{"line":18,"column":74}},"9":{"start":{"line":18,"column":29},"end":{"line":18,"column":50}},"10":{"start":{"line":19,"column":4},"end":{"line":21,"column":5}},"11":{"start":{"line":20,"column":6},"end":{"line":20,"column":13}},"12":{"start":{"line":23,"column":4},"end":{"line":29,"column":7}},"13":{"start":{"line":24,"column":30},"end":{"line":24,"column":35}},"14":{"start":{"line":25,"column":6},"end":{"line":28,"column":8}},"15":{"start":{"line":30,"column":4},"end":{"line":30,"column":22}},"16":{"start":{"line":32,"column":2},"end":{"line":41,"column":4}},"17":{"start":{"line":44,"column":0},"end":{"line":51,"column":2}},"18":{"start":{"line":53,"column":0},"end":{"line":55,"column":2}}},"fnMap":{"0":{"name":"(anonymous_0)","decl":{"start":{"line":4,"column":13},"end":{"line":4,"column":14}},"loc":{"start":{"line":4,"column":61},"end":{"line":42,"column":1}},"line":4},"1":{"name":"(anonymous_1)","decl":{"start":{"line":5,"column":23},"end":{"line":5,"column":24}},"loc":{"start":{"line":5,"column":28},"end":{"line":31,"column":3}},"line":5},"2":{"name":"(anonymous_2)","decl":{"start":{"line":7,"column":49},"end":{"line":7,"column":50}},"loc":{"start":{"line":7,"column":60},"end":{"line":7,"column":72}},"line":7},"3":{"name":"(anonymous_3)","decl":{"start":{"line":13,"column":19},"end":{"line":13,"column":20}},"loc":{"start":{"line":13,"column":28},"end":{"line":16,"column":5}},"line":13},"4":{"name":"(anonymous_4)","decl":{"start":{"line":18,"column":20},"end":{"line":18,"column":21}},"loc":{"start":{"line":18,"column":29},"end":{"line":18,"column":50}},"line":18},"5":{"name":"(anonymous_5)","decl":{"start":{"line":23,"column":19},"end":{"line":23,"column":20}},"loc":{"start":{"line":23,"column":28},"end":{"line":29,"column":5}},"line":23}},"branchMap":{"0":{"loc":{"start":{"line":19,"column":4},"end":{"line":21,"column":5}},"type":"if","locations":[{"start":{"line":19,"column":4},"end":{"line":21,"column":5}},{"start":{"line":19,"column":4},"end":{"line":21,"column":5}}],"line":19}},"s":{"0":1,"1":3,"2":3,"3":3,"4":3,"5":3,"6":3,"7":3,"8":3,"9":3,"10":3,"11":1,"12":2,"13":2,"14":2,"15":2,"16":3,"17":1,"18":1},"f":{"0":3,"1":3,"2":3,"3":3,"4":3,"5":2},"b":{"0":[1,2]},"_coverageSchema":"332fd63041d2c1bcb487cc26dd0d5f7d97098a6c","hash":"9746b0388615e4d5bae12a7013da1fa72c3532f5"}
,"/Users/prauls/code/ellies/lib/utils/regex.js": {"path":"/Users/prauls/code/ellies/lib/utils/regex.js","statementMap":{"0":{"start":{"line":1,"column":13},"end":{"line":1,"column":7}}},"fnMap":{},"branchMap":{},"s":{"0":0},"f":{},"b":{}}
,"/Users/prauls/code/ellies/lib/utils/styling.js": {"path":"/Users/prauls/code/ellies/lib/utils/styling.js","statementMap":{"0":{"start":{"line":3,"column":21},"end":{"line":9,"column":1}},"1":{"start":{"line":11,"column":24},"end":{"line":18,"column":1}}},"fnMap":{},"branchMap":{},"s":{"0":1,"1":1},"f":{},"b":{},"_coverageSchema":"332fd63041d2c1bcb487cc26dd0d5f7d97098a6c","hash":"37a5d35872baf4df23d26dce1f6794d0c4d69b88"}
}
