TN:
SF:/Users/prauls/code/ellies/lib/Button/Button.js
FN:5,(anonymous_0)
FNF:1
FNH:1
FNDA:9,(anonymous_0)
DA:5,1
DA:6,9
DA:7,9
DA:8,9
DA:9,9
DA:11,9
DA:31,1
DA:40,1
LF:8
LH:8
BRDA:6,0,0,9
BRDA:6,0,1,9
BRDA:8,1,0,1
BRDA:8,1,1,8
BRDA:9,2,0,2
BRDA:9,2,1,7
BRDA:13,3,0,2
BRDA:13,3,1,7
BRDA:16,4,0,1
BRDA:16,4,1,1
BRDA:22,5,0,7
BRDA:22,5,1,4
BRF:12
BRH:12
end_of_record
TN:
SF:/Users/prauls/code/ellies/lib/Button/index.js
FNF:0
FNH:0
DA:5,1
DA:9,1
LF:2
LH:2
BRF:0
BRH:0
end_of_record
TN:
SF:/Users/prauls/code/ellies/lib/Button/styles.js
FNF:0
FNH:0
DA:4,1
LF:1
LH:1
BRF:0
BRH:0
end_of_record
TN:
SF:/Users/prauls/code/ellies/lib/Flag/Flag.js
FN:5,(anonymous_0)
FNF:1
FNH:1
FNDA:68,(anonymous_0)
DA:5,2
DA:6,68
DA:8,19
DA:10,27
DA:20,22
DA:34,2
DA:39,2
LF:7
LH:7
BRDA:6,0,0,19
BRDA:6,0,1,27
BRDA:6,0,2,22
BRF:3
BRH:3
end_of_record
TN:
SF:/Users/prauls/code/ellies/lib/Flag/index.js
FNF:0
FNH:0
DA:5,1
LF:1
LH:1
BRF:0
BRH:0
end_of_record
TN:
SF:/Users/prauls/code/ellies/lib/Flag/styles.js
FNF:0
FNH:0
DA:3,1
LF:1
LH:1
BRF:0
BRH:0
end_of_record
TN:
SF:/Users/prauls/code/ellies/lib/Form/Form.js
FN:4,(anonymous_0)
FN:5,(anonymous_1)
FN:7,(anonymous_2)
FN:13,(anonymous_3)
FN:18,(anonymous_4)
FN:23,(anonymous_5)
FNF:6
FNH:6
FNDA:3,(anonymous_0)
FNDA:3,(anonymous_1)
FNDA:3,(anonymous_2)
FNDA:3,(anonymous_3)
FNDA:3,(anonymous_4)
FNDA:2,(anonymous_5)
DA:4,1
DA:5,3
DA:6,3
DA:7,3
DA:13,3
DA:14,3
DA:15,3
DA:18,3
DA:19,3
DA:20,1
DA:23,2
DA:24,2
DA:25,2
DA:30,2
DA:32,3
DA:44,1
DA:53,1
LF:17
LH:17
BRDA:19,0,0,1
BRDA:19,0,1,2
BRF:2
BRH:2
end_of_record
TN:
SF:/Users/prauls/code/ellies/lib/Input/Input.js
FN:9,(anonymous_0)
FN:19,(anonymous_1)
FN:24,(anonymous_2)
FN:34,(anonymous_3)
FN:37,(anonymous_4)
FN:40,(anonymous_5)
FN:44,(anonymous_6)
FN:58,(anonymous_7)
FN:63,(anonymous_8)
FN:70,(anonymous_9)
FN:71,(anonymous_10)
FN:76,(anonymous_11)
FN:85,(anonymous_12)
FN:93,(anonymous_13)
FN:98,(anonymous_14)
FN:129,(anonymous_15)
FN:157,(anonymous_16)
FNF:17
FNH:17
FNDA:20,(anonymous_0)
FNDA:2,(anonymous_1)
FNDA:34,(anonymous_2)
FNDA:30,(anonymous_3)
FNDA:32,(anonymous_4)
FNDA:7,(anonymous_5)
FNDA:32,(anonymous_6)
FNDA:32,(anonymous_7)
FNDA:31,(anonymous_8)
FNDA:1,(anonymous_9)
FNDA:1,(anonymous_10)
FNDA:3,(anonymous_11)
FNDA:2,(anonymous_12)
FNDA:2,(anonymous_13)
FNDA:90,(anonymous_14)
FNDA:4,(anonymous_15)
FNDA:125,(anonymous_16)
DA:10,20
DA:11,20
DA:20,2
DA:21,1
DA:25,34
DA:26,14
DA:28,34
DA:29,1
DA:30,33
DA:31,12
DA:35,30
DA:38,32
DA:40,7
DA:45,32
DA:49,21
DA:51,11
DA:53,32
DA:59,32
DA:64,31
DA:65,1
DA:67,31
DA:68,31
DA:71,1
DA:72,1
DA:74,1
DA:77,3
DA:78,1
DA:80,3
DA:86,2
DA:87,1
DA:89,2
DA:94,2
DA:111,90
DA:113,90
DA:130,4
DA:158,125
DA:171,1
DA:200,1
LF:38
LH:38
BRDA:20,0,0,1
BRDA:20,0,1,1
BRDA:25,1,0,14
BRDA:25,1,1,20
BRDA:25,2,0,34
BRDA:25,2,1,15
BRDA:28,3,0,1
BRDA:28,3,1,33
BRDA:28,4,0,34
BRDA:28,4,1,1
BRDA:28,4,2,1
BRDA:30,5,0,12
BRDA:30,5,1,21
BRDA:30,6,0,33
BRDA:30,6,1,26
BRDA:35,7,0,22
BRDA:35,7,1,8
BRDA:37,8,0,26
BRDA:38,9,0,6
BRDA:38,9,1,26
BRDA:45,10,0,21
BRDA:45,10,1,11
BRDA:46,11,0,32
BRDA:46,11,1,30
BRDA:64,12,0,1
BRDA:64,12,1,30
BRDA:77,13,0,1
BRDA:77,13,1,2
BRDA:86,14,0,1
BRDA:86,14,1,1
BRDA:120,15,0,1
BRDA:120,15,1,89
BRDA:126,16,0,90
BRDA:126,16,1,24
BRDA:126,16,2,4
BRDA:134,17,0,2
BRDA:134,17,1,2
BRDA:146,18,0,5
BRDA:146,18,1,85
BRDA:152,19,0,46
BRDA:152,19,1,44
BRDA:161,20,0,46
BRDA:161,20,1,44
BRDA:162,21,0,46
BRDA:162,21,1,44
BRDA:165,22,0,90
BRDA:165,22,1,43
BRF:47
BRH:47
end_of_record
TN:
SF:/Users/prauls/code/ellies/lib/utils/constants.js
FNF:0
FNH:0
DA:2,1
DA:4,1
DA:8,1
LF:3
LH:3
BRF:0
BRH:0
end_of_record
TN:
SF:/Users/prauls/code/ellies/lib/utils/styling.js
FNF:0
FNH:0
DA:3,3
DA:11,3
LF:2
LH:2
BRF:0
BRH:0
end_of_record
