TN:
SF:/Users/prauls/code/ellies/lib/Button/Button.js
FN:5,(anonymous_0)
FNF:1
FNH:1
FNDA:9,(anonymous_0)
DA:5,1
DA:6,9
DA:7,9
DA:8,9
DA:9,9
DA:11,9
DA:31,1
DA:40,1
LF:8
LH:8
BRDA:6,0,0,9
BRDA:6,0,1,9
BRDA:8,1,0,1
BRDA:8,1,1,8
BRDA:9,2,0,2
BRDA:9,2,1,7
BRDA:13,3,0,2
BRDA:13,3,1,7
BRDA:16,4,0,1
BRDA:16,4,1,1
BRDA:22,5,0,7
BRDA:22,5,1,4
BRF:12
BRH:12
end_of_record
TN:
SF:/Users/prauls/code/ellies/lib/Button/index.js
FNF:0
FNH:0
DA:5,1
DA:9,1
LF:2
LH:2
BRF:0
BRH:0
end_of_record
TN:
SF:/Users/prauls/code/ellies/lib/Button/styles.js
FNF:0
FNH:0
DA:4,1
LF:1
LH:1
BRF:0
BRH:0
end_of_record
TN:
SF:/Users/prauls/code/ellies/lib/Form/Form.js
FN:4,(anonymous_0)
FN:5,(anonymous_1)
FN:7,(anonymous_2)
FN:13,(anonymous_3)
FN:18,(anonymous_4)
FN:23,(anonymous_5)
FNF:6
FNH:6
FNDA:3,(anonymous_0)
FNDA:3,(anonymous_1)
FNDA:3,(anonymous_2)
FNDA:3,(anonymous_3)
FNDA:3,(anonymous_4)
FNDA:2,(anonymous_5)
DA:4,1
DA:5,3
DA:6,3
DA:7,3
DA:13,3
DA:14,3
DA:15,3
DA:18,3
DA:19,3
DA:20,1
DA:23,2
DA:24,2
DA:25,2
DA:30,2
DA:32,3
DA:44,1
DA:53,1
LF:17
LH:17
BRDA:19,0,0,1
BRDA:19,0,1,2
BRF:2
BRH:2
end_of_record
TN:
SF:/Users/prauls/code/ellies/lib/utils/regex.js
FNF:0
FNH:0
DA:1,0
LF:1
LH:0
BRF:0
BRH:0
end_of_record
TN:
SF:/Users/prauls/code/ellies/lib/utils/styling.js
FNF:0
FNH:0
DA:3,1
DA:11,1
LF:2
LH:2
BRF:0
BRH:0
end_of_record
